D:\VS2010_PROJECT\ASN1C_PROJECT_ASN1C_V0929\ASN1C_PROJECT_ASN1C_V0929\DEBUG\ASN_APPLICATION.OBJ
D:\VS2010_PROJECT\ASN1C_PROJECT_ASN1C_V0929\ASN1C_PROJECT_ASN1C_V0929\DEBUG\ASN_BIT_DATA.OBJ
D:\VS2010_PROJECT\ASN1C_PROJECT_ASN1C_V0929\ASN1C_PROJECT_ASN1C_V0929\DEBUG\ASN_CODECS_PRIM.OBJ
D:\VS2010_PROJECT\ASN1C_PROJECT_ASN1C_V0929\ASN1C_PROJECT_ASN1C_V0929\DEBUG\ASN_INTERNAL.OBJ
D:\VS2010_PROJECT\ASN1C_PROJECT_ASN1C_V0929\ASN1C_PROJECT_ASN1C_V0929\DEBUG\ASN_RANDOM_FILL.OBJ
D:\VS2010_PROJECT\ASN1C_PROJECT_ASN1C_V0929\ASN1C_PROJECT_ASN1C_V0929\DEBUG\ASN1C_PROJECT_ASN1C_V0929.EXE.EMBED.MANIFEST
D:\VS2010_PROJECT\ASN1C_PROJECT_ASN1C_V0929\ASN1C_PROJECT_ASN1C_V0929\DEBUG\ASN1C_PROJECT_ASN1C_V0929.EXE.EMBED.MANIFEST.RES
D:\VS2010_PROJECT\ASN1C_PROJECT_ASN1C_V0929\ASN1C_PROJECT_ASN1C_V0929\DEBUG\ASN1C_PROJECT_ASN1C_V0929.EXE.INTERMEDIATE.MANIFEST
D:\vs2010_project\asn1c_project_asn1c_v0929\asn1c_project_asn1c_v0929\Debug\asn1c_project_asn1c_v0929.write.1.tlog
D:\vs2010_project\asn1c_project_asn1c_v0929\asn1c_project_asn1c_v0929\Debug\asn1c_project_asn1c_v0929_manifest.rc
D:\VS2010_PROJECT\ASN1C_PROJECT_ASN1C_V0929\ASN1C_PROJECT_ASN1C_V0929\DEBUG\BER_DECODER.OBJ
D:\VS2010_PROJECT\ASN1C_PROJECT_ASN1C_V0929\ASN1C_PROJECT_ASN1C_V0929\DEBUG\BER_TLV_LENGTH.OBJ
D:\VS2010_PROJECT\ASN1C_PROJECT_ASN1C_V0929\ASN1C_PROJECT_ASN1C_V0929\DEBUG\BER_TLV_TAG.OBJ
D:\VS2010_PROJECT\ASN1C_PROJECT_ASN1C_V0929\ASN1C_PROJECT_ASN1C_V0929\DEBUG\BIT_STRING.OBJ
D:\vs2010_project\asn1c_project_asn1c_v0929\asn1c_project_asn1c_v0929\Debug\cl.command.1.tlog
D:\vs2010_project\asn1c_project_asn1c_v0929\asn1c_project_asn1c_v0929\Debug\CL.read.1.tlog
D:\vs2010_project\asn1c_project_asn1c_v0929\asn1c_project_asn1c_v0929\Debug\CL.write.1.tlog
D:\VS2010_PROJECT\ASN1C_PROJECT_ASN1C_V0929\ASN1C_PROJECT_ASN1C_V0929\DEBUG\CONSTR_CHOICE.OBJ
D:\VS2010_PROJECT\ASN1C_PROJECT_ASN1C_V0929\ASN1C_PROJECT_ASN1C_V0929\DEBUG\CONSTR_CHOICE_OER.OBJ
D:\VS2010_PROJECT\ASN1C_PROJECT_ASN1C_V0929\ASN1C_PROJECT_ASN1C_V0929\DEBUG\CONSTR_SEQUENCE.OBJ
D:\VS2010_PROJECT\ASN1C_PROJECT_ASN1C_V0929\ASN1C_PROJECT_ASN1C_V0929\DEBUG\CONSTR_SEQUENCE_OER.OBJ
D:\VS2010_PROJECT\ASN1C_PROJECT_ASN1C_V0929\ASN1C_PROJECT_ASN1C_V0929\DEBUG\CONSTR_TYPE.OBJ
D:\VS2010_PROJECT\ASN1C_PROJECT_ASN1C_V0929\ASN1C_PROJECT_ASN1C_V0929\DEBUG\CONSTRAINTS.OBJ
D:\VS2010_PROJECT\ASN1C_PROJECT_ASN1C_V0929\ASN1C_PROJECT_ASN1C_V0929\DEBUG\DER_ENCODER.OBJ
D:\VS2010_PROJECT\ASN1C_PROJECT_ASN1C_V0929\ASN1C_PROJECT_ASN1C_V0929\DEBUG\INTEGER.OBJ
D:\VS2010_PROJECT\ASN1C_PROJECT_ASN1C_V0929\ASN1C_PROJECT_ASN1C_V0929\DEBUG\INTEGER_OER.OBJ
D:\vs2010_project\asn1c_project_asn1c_v0929\asn1c_project_asn1c_v0929\Debug\link.1716.read.1.tlog
D:\vs2010_project\asn1c_project_asn1c_v0929\asn1c_project_asn1c_v0929\Debug\link.1716.write.1.tlog
D:\vs2010_project\asn1c_project_asn1c_v0929\asn1c_project_asn1c_v0929\Debug\link.1716-cvtres.read.1.tlog
D:\vs2010_project\asn1c_project_asn1c_v0929\asn1c_project_asn1c_v0929\Debug\link.1716-cvtres.write.1.tlog
D:\vs2010_project\asn1c_project_asn1c_v0929\asn1c_project_asn1c_v0929\Debug\link.command.1.tlog
D:\vs2010_project\asn1c_project_asn1c_v0929\asn1c_project_asn1c_v0929\Debug\link.read.1.tlog
D:\vs2010_project\asn1c_project_asn1c_v0929\asn1c_project_asn1c_v0929\Debug\link.write.1.tlog
D:\vs2010_project\asn1c_project_asn1c_v0929\asn1c_project_asn1c_v0929\Debug\link-cvtres.read.1.tlog
D:\vs2010_project\asn1c_project_asn1c_v0929\asn1c_project_asn1c_v0929\Debug\link-cvtres.write.1.tlog
D:\VS2010_PROJECT\ASN1C_PROJECT_ASN1C_V0929\ASN1C_PROJECT_ASN1C_V0929\DEBUG\MAIN.OBJ
D:\vs2010_project\asn1c_project_asn1c_v0929\asn1c_project_asn1c_v0929\Debug\mt.command.1.tlog
D:\vs2010_project\asn1c_project_asn1c_v0929\asn1c_project_asn1c_v0929\Debug\mt.read.1.tlog
D:\vs2010_project\asn1c_project_asn1c_v0929\asn1c_project_asn1c_v0929\Debug\mt.write.1.tlog
D:\VS2010_PROJECT\ASN1C_PROJECT_ASN1C_V0929\ASN1C_PROJECT_ASN1C_V0929\DEBUG\NATIVEINTEGER.OBJ
D:\VS2010_PROJECT\ASN1C_PROJECT_ASN1C_V0929\ASN1C_PROJECT_ASN1C_V0929\DEBUG\NATIVEINTEGER_OER.OBJ
D:\VS2010_PROJECT\ASN1C_PROJECT_ASN1C_V0929\ASN1C_PROJECT_ASN1C_V0929\DEBUG\OCTET_STRING.OBJ
D:\VS2010_PROJECT\ASN1C_PROJECT_ASN1C_V0929\ASN1C_PROJECT_ASN1C_V0929\DEBUG\OPEN_TYPE.OBJ
D:\VS2010_PROJECT\ASN1C_PROJECT_ASN1C_V0929\ASN1C_PROJECT_ASN1C_V0929\DEBUG\PDU_COLLECTION.OBJ
D:\VS2010_PROJECT\ASN1C_PROJECT_ASN1C_V0929\ASN1C_PROJECT_ASN1C_V0929\DEBUG\PER_DECODER.OBJ
D:\VS2010_PROJECT\ASN1C_PROJECT_ASN1C_V0929\ASN1C_PROJECT_ASN1C_V0929\DEBUG\PER_ENCODER.OBJ
D:\VS2010_PROJECT\ASN1C_PROJECT_ASN1C_V0929\ASN1C_PROJECT_ASN1C_V0929\DEBUG\PER_OPENTYPE.OBJ
D:\VS2010_PROJECT\ASN1C_PROJECT_ASN1C_V0929\ASN1C_PROJECT_ASN1C_V0929\DEBUG\PER_SUPPORT.OBJ
D:\vs2010_project\asn1c_project_asn1c_v0929\asn1c_project_asn1c_v0929\Debug\rc.command.1.tlog
D:\vs2010_project\asn1c_project_asn1c_v0929\asn1c_project_asn1c_v0929\Debug\rc.read.1.tlog
D:\vs2010_project\asn1c_project_asn1c_v0929\asn1c_project_asn1c_v0929\Debug\rc.write.1.tlog
D:\VS2010_PROJECT\ASN1C_PROJECT_ASN1C_V0929\ASN1C_PROJECT_ASN1C_V0929\DEBUG\RECTANGLE.OBJ
D:\vs2010_project\asn1c_project_asn1c_v0929\asn1c_project_asn1c_v0929\Debug\vc100.idb
D:\VS2010_PROJECT\ASN1C_PROJECT_ASN1C_V0929\ASN1C_PROJECT_ASN1C_V0929\DEBUG\VC100.PDB
D:\VS2010_PROJECT\ASN1C_PROJECT_ASN1C_V0929\ASN1C_PROJECT_ASN1C_V0929\DEBUG\XER_DECODER.OBJ
D:\VS2010_PROJECT\ASN1C_PROJECT_ASN1C_V0929\ASN1C_PROJECT_ASN1C_V0929\DEBUG\XER_ENCODER.OBJ
D:\VS2010_PROJECT\ASN1C_PROJECT_ASN1C_V0929\ASN1C_PROJECT_ASN1C_V0929\DEBUG\XER_SUPPORT.OBJ
D:\VS2010_PROJECT\ASN1C_PROJECT_ASN1C_V0929\DEBUG\ASN1C_PROJECT_ASN1C_V0929.EXE
D:\VS2010_PROJECT\ASN1C_PROJECT_ASN1C_V0929\DEBUG\ASN1C_PROJECT_ASN1C_V0929.ILK
D:\VS2010_PROJECT\ASN1C_PROJECT_ASN1C_V0929\DEBUG\ASN1C_PROJECT_ASN1C_V0929.PDB
