生成启动时间为 2019/6/26 15:01:04。
     1>项目“D:\vs2010_project\asn1c_project_asn1c_v0929\asn1c_project_asn1c_v0929\asn1c_project_asn1c_v0929.vcxproj”在节点 2 上(build 个目标)。
     1>InitializeBuildStatus:
         正在创建“Debug\asn1c_project_asn1c_v0929.unsuccessfulbuild”，因为已指定“AlwaysCreate”。
       ClCompile:
         D:\Program Files (x86)\Microsoft Visual Studio 10.0\VC\bin\CL.exe /c /ZI /nologo /W3 /WX- /Od /Oy- /D WIN32 /D _DEBUG /D _CONSOLE /D ASN_DISABLE_OER_SUPPORT /D _UNICODE /D UNICODE /Gm /EHsc /RTC1 /MDd /GS /fp:precise /Zc:wchar_t /Zc:forScope /Fo"Debug\\" /Fd"Debug\vc100.pdb" /Gd /TC /analyze- /errorReport:prompt main.c
         main.c
     1>d:\vs2010_project\asn1c_project_asn1c_v0929\asn1c_project_asn1c_v0929\main.c(74): warning C4996: 'fopen': This function or variable may be unsafe. Consider using fopen_s instead. To disable deprecation, use _CRT_SECURE_NO_WARNINGS. See online help for details.
                 d:\program files (x86)\microsoft visual studio 10.0\vc\include\stdio.h(234) : 参见“fopen”的声明
       ManifestResourceCompile:
         所有输出均为最新。
       Link:
         D:\Program Files (x86)\Microsoft Visual Studio 10.0\VC\bin\link.exe /ERRORREPORT:PROMPT /OUT:"D:\vs2010_project\asn1c_project_asn1c_v0929\Debug\asn1c_project_asn1c_v0929.exe" /INCREMENTAL /NOLOGO kernel32.lib user32.lib gdi32.lib winspool.lib comdlg32.lib advapi32.lib shell32.lib ole32.lib oleaut32.lib uuid.lib odbc32.lib odbccp32.lib /MANIFEST /ManifestFile:"Debug\asn1c_project_asn1c_v0929.exe.intermediate.manifest" /MANIFESTUAC:"level='asInvoker' uiAccess='false'" /DEBUG /PDB:"D:\vs2010_project\asn1c_project_asn1c_v0929\Debug\asn1c_project_asn1c_v0929.pdb" /SUBSYSTEM:CONSOLE /TLBID:1 /DYNAMICBASE /NXCOMPAT /IMPLIB:"D:\vs2010_project\asn1c_project_asn1c_v0929\Debug\asn1c_project_asn1c_v0929.lib" /MACHINE:X86 Debug\asn1c_project_asn1c_v0929.exe.embed.manifest.res
         Debug\asn_application.obj
         Debug\asn_bit_data.obj
         Debug\asn_codecs_prim.obj
         Debug\asn_internal.obj
         Debug\asn_random_fill.obj
         Debug\ber_decoder.obj
         Debug\ber_tlv_length.obj
         Debug\ber_tlv_tag.obj
         Debug\BIT_STRING.obj
         Debug\constraints.obj
         Debug\constr_CHOICE.obj
         Debug\constr_CHOICE_oer.obj
         Debug\constr_SEQUENCE.obj
         Debug\constr_SEQUENCE_oer.obj
         Debug\constr_TYPE.obj
         Debug\der_encoder.obj
         Debug\INTEGER.obj
         Debug\INTEGER_oer.obj
         Debug\NativeInteger.obj
         Debug\NativeInteger_oer.obj
         Debug\OCTET_STRING.obj
         Debug\OPEN_TYPE.obj
         Debug\pdu_collection.obj
         Debug\per_decoder.obj
         Debug\per_encoder.obj
         Debug\per_opentype.obj
         Debug\per_support.obj
         Debug\Rectangle.obj
         Debug\xer_decoder.obj
         Debug\xer_encoder.obj
         Debug\xer_support.obj
         Debug\main.obj
       Manifest:
         C:\Program Files (x86)\Microsoft SDKs\Windows\v7.0A\bin\mt.exe /nologo /verbose /out:"Debug\asn1c_project_asn1c_v0929.exe.embed.manifest" /manifest Debug\asn1c_project_asn1c_v0929.exe.intermediate.manifest
         所有输出均为最新。
       LinkEmbedManifest:
         所有输出均为最新。
         asn1c_project_asn1c_v0929.vcxproj -> D:\vs2010_project\asn1c_project_asn1c_v0929\Debug\asn1c_project_asn1c_v0929.exe
       FinalizeBuildStatus:
         正在删除文件“Debug\asn1c_project_asn1c_v0929.unsuccessfulbuild”。
         正在对“Debug\asn1c_project_asn1c_v0929.lastbuildstate”执行 Touch 任务。
     1>已完成生成项目“D:\vs2010_project\asn1c_project_asn1c_v0929\asn1c_project_asn1c_v0929\asn1c_project_asn1c_v0929.vcxproj”(build 个目标)的操作。

生成成功。

已用时间 00:00:00.74
